<?xml version="1.0" encoding="UTF-8"?>
<coverage generated="1662592986985" clover="3.2.0">
  <project timestamp="1662592986986" name="All files">
    <metrics statements="2" coveredstatements="2" conditionals="0" coveredconditionals="0" methods="2" coveredmethods="2" elements="4" coveredelements="4" complexity="0" loc="2" ncloc="2" packages="1" files="1" classes="1"/>
    <file name="mathFunctions.ts" path="/home/carlos/mastery/TDD/minesweeper/src/mathFunctions.ts">
      <metrics statements="2" coveredstatements="2" conditionals="0" coveredconditionals="0" methods="2" coveredmethods="2"/>
      <line num="1" count="1" type="stmt"/>
      <line num="2" count="1" type="stmt"/>
    </file>
  </project>
</coverage>
