<?xml version="1.0" encoding="UTF-8"?>
<coverage generated="1662763046321" clover="3.2.0">
  <project timestamp="1662763046321" name="All files">
    <metrics statements="5" coveredstatements="5" conditionals="1" coveredconditionals="1" methods="4" coveredmethods="4" elements="10" coveredelements="10" complexity="0" loc="5" ncloc="5" packages="2" files="2" classes="2"/>
    <package name="examples">
      <metrics statements="2" coveredstatements="2" conditionals="0" coveredconditionals="0" methods="2" coveredmethods="2"/>
      <file name="mathFunctions.ts" path="/home/carlos/mastery/TDD/minesweeper/examples/mathFunctions.ts">
        <metrics statements="2" coveredstatements="2" conditionals="0" coveredconditionals="0" methods="2" coveredmethods="2"/>
        <line num="1" count="1" type="stmt"/>
        <line num="2" count="1" type="stmt"/>
      </file>
    </package>
    <package name="src.helpers">
      <metrics statements="3" coveredstatements="3" conditionals="1" coveredconditionals="1" methods="2" coveredmethods="2"/>
      <file name="Fields.ts" path="/home/carlos/mastery/TDD/minesweeper/src/helpers/Fields.ts">
        <metrics statements="3" coveredstatements="3" conditionals="1" coveredconditionals="1" methods="2" coveredmethods="2"/>
        <line num="5" count="1" type="stmt"/>
        <line num="13" count="1" type="stmt"/>
        <line num="16" count="8" type="stmt"/>
      </file>
    </package>
  </project>
</coverage>
