{"/home/carlos/mastery/TDD/minesweeper/examples/mathFunctions.ts": {"path":"/home/carlos/mastery/TDD/minesweeper/examples/mathFunctions.ts","statementMap":{"0":{"start":{"line":1,"column":19},"end":{"line":1,"column":58}},"1":{"start":{"line":1,"column":53},"end":{"line":1,"column":58}},"2":{"start":{"line":2,"column":24},"end":{"line":2,"column":63}},"3":{"start":{"line":2,"column":58},"end":{"line":2,"column":63}}},"fnMap":{"0":{"name":"(anonymous_0)","decl":{"start":{"line":1,"column":19},"end":{"line":1,"column":20}},"loc":{"start":{"line":1,"column":53},"end":{"line":1,"column":58}},"line":1},"1":{"name":"(anonymous_1)","decl":{"start":{"line":2,"column":24},"end":{"line":2,"column":25}},"loc":{"start":{"line":2,"column":58},"end":{"line":2,"column":63}},"line":2}},"branchMap":{},"s":{"0":1,"1":1,"2":1,"3":1},"f":{"0":1,"1":1},"b":{},"_coverageSchema":"1a1c01bbd47fc00a2c39e90264f33305004495a9","hash":"850c25eaf409b89e3b52501ac8b106c88b6ab03c"}
,"/home/carlos/mastery/TDD/minesweeper/src/helpers/Fields.ts": {"path":"/home/carlos/mastery/TDD/minesweeper/src/helpers/Fields.ts","statementMap":{"0":{"start":{"line":5,"column":47},"end":{"line":11,"column":1}},"1":{"start":{"line":13,"column":35},"end":{"line":16,"column":77}},"2":{"start":{"line":16,"column":12},"end":{"line":16,"column":77}},"3":{"start":{"line":16,"column":49},"end":{"line":16,"column":76}}},"fnMap":{"0":{"name":"(anonymous_0)","decl":{"start":{"line":13,"column":35},"end":{"line":13,"column":36}},"loc":{"start":{"line":16,"column":12},"end":{"line":16,"column":77}},"line":16},"1":{"name":"(anonymous_1)","decl":{"start":{"line":16,"column":43},"end":{"line":16,"column":44}},"loc":{"start":{"line":16,"column":49},"end":{"line":16,"column":76}},"line":16}},"branchMap":{"0":{"loc":{"start":{"line":15,"column":2},"end":{"line":15,"column":31}},"type":"default-arg","locations":[{"start":{"line":15,"column":16},"end":{"line":15,"column":31}}],"line":15}},"s":{"0":1,"1":1,"2":3,"3":8},"f":{"0":3,"1":8},"b":{"0":[2]},"_coverageSchema":"1a1c01bbd47fc00a2c39e90264f33305004495a9","hash":"d6d97f5570be818aeb5106fb0c2772a13fa23530"}
}
